2024-08-22T22:05:23+00:00 ERROR Error getting data feed
2024-08-22T22:05:23+00:00 ERROR WP_Error Object
(
    [errors] => Array
        (
            [http_request_failed] => Array
                (
                    [0] => stream_socket_client(): php_network_getaddresses: getaddrinfo for woocommerce.com failed: Temporary failure in name resolution
stream_socket_client(): Unable to connect to ssl://woocommerce.com:443 (php_network_getaddresses: getaddrinfo for woocommerce.com failed: Temporary failure in name resolution)
                )

        )

    [error_data] => Array
        (
        )

    [additional_data:protected] => Array
        (
        )

)
2024-08-22T22:05:43+00:00 ERROR Error getting data feed
2024-08-22T22:05:43+00:00 ERROR WP_Error Object
(
    [errors] => Array
        (
            [http_request_failed] => Array
                (
                    [0] => stream_socket_client(): php_network_getaddresses: getaddrinfo for woocommerce.com failed: Temporary failure in name resolution
stream_socket_client(): Unable to connect to ssl://woocommerce.com:443 (php_network_getaddresses: getaddrinfo for woocommerce.com failed: Temporary failure in name resolution)
                )

        )

    [error_data] => Array
        (
        )

    [additional_data:protected] => Array
        (
        )

)
